2022-04-26 11:59:20 [ThreadId 15] ERROR phoityne - ghci launch error. <file descriptor: 69>: hPutChar: resource vanished (Broken pipe)

2022-04-26 11:59:20 [ThreadId 15] ERROR phoityne - [disconnectRequestHandler] ghci not started.
2022-04-26 11:59:34 [ThreadId 15] ERROR phoityne - ghci launch error. <file descriptor: 69>: hPutChar: resource vanished (Broken pipe)

2022-04-26 11:59:34 [ThreadId 15] ERROR phoityne - [disconnectRequestHandler] ghci not started.
2022-04-26 12:08:54 [ThreadId 15] ERROR phoityne - "error: Variable not in scope: body"
2022-04-26 12:09:00 [ThreadId 15] ERROR phoityne - "error: Variable not in scope: def"
2022-04-26 12:09:04 [ThreadId 15] ERROR phoityne - "error: Variable not in scope: def"
2022-04-26 12:09:10 [ThreadId 15] ERROR phoityne - "error: \8226 Variable not in scope: isMain \8226 Perhaps you meant data constructor \8216IsMain\8217 (imported from Agda.Compiler.Backend)"
2022-04-26 12:09:13 [ThreadId 15] ERROR phoityne - "error: Variable not in scope: opts"
2022-04-26 12:09:17 [ThreadId 15] ERROR phoityne - "error: Variable not in scope: def"
2022-04-26 12:09:59 [ThreadId 15] ERROR phoityne - "error: Variable not in scope: body"
2022-04-26 14:57:19 [ThreadId 15] ERROR phoityne - "error: Variable not in scope: body"
2022-04-26 14:57:29 [ThreadId 15] ERROR phoityne - "error: Variable not in scope: body"
2022-04-26 14:59:36 [ThreadId 15] ERROR phoityne - "\"extractSourcePosition\" (line 2, column 6):\nunexpected end of input\nexpecting \"Stopped at \" or \"Stopped in \" [INPUT]*** Exception: ExitSuccess\nH>>= "
2022-04-28 12:40:31 [ThreadId 15] ERROR phoityne - "error: Variable not in scope: d"
2022-04-28 12:42:43 [ThreadId 15] ERROR phoityne - "\"extractSourcePosition\" (line 2, column 6):\nunexpected end of input\nexpecting \"Stopped at \" or \"Stopped in \" [INPUT]*** Exception: Prelude.!!: index too large\nH>>= "
2022-04-28 12:43:35 [ThreadId 15] ERROR phoityne - "\"extractSourcePosition\" (line 2, column 6):\nunexpected end of input\nexpecting \"Stopped at \" or \"Stopped in \" [INPUT]*** Exception: Prelude.!!: index too large\nH>>= "
2022-04-28 12:57:20 [ThreadId 15] ERROR phoityne - "error: Variable not in scope: firstDefName"
2022-04-28 12:57:23 [ThreadId 15] ERROR phoityne - "error: Variable not in scope: firstDefName"
2022-04-28 13:49:11 [ThreadId 15] ERROR phoityne - "error: Variable not in scope: firstDefName"
2022-04-28 13:49:18 [ThreadId 15] ERROR phoityne - "error: Variable not in scope: firstDefName"
2022-04-28 13:49:36 [ThreadId 15] ERROR phoityne - "error: Variable not in scope: firstDefName"
2022-04-28 13:49:42 [ThreadId 15] ERROR phoityne - "error: Variable not in scope: firstDefName"
2022-04-28 13:50:59 [ThreadId 15] ERROR phoityne - "error: Variable not in scope: ruleName"
2022-04-28 13:51:00 [ThreadId 15] ERROR phoityne - "error: Variable not in scope: ruleName"
2022-04-28 13:51:35 [ThreadId 15] ERROR phoityne - "error: Variable not in scope: args'"
2022-04-28 13:51:35 [ThreadId 15] ERROR phoityne - "error: Variable not in scope: f'"
2022-04-29 13:47:18 [ThreadId 15] ERROR phoityne - "error: Variable not in scope: args'"
2022-04-29 13:47:18 [ThreadId 15] ERROR phoityne - "error: \8226 Variable not in scope: f' \8226 Perhaps you meant \8216f\8217 (<no location info>)"
2022-04-29 13:47:24 [ThreadId 15] ERROR phoityne - [deleteBreakPointOnGHCi] invalid delete break point. BreakPointData {nameBreakPointData = "ToHvm", srcPosBreakPointData = SourcePosition {filePathSourcePosition = "/Users/matteo/Desktop/Assignments Y3/Code Extraction/agda2HVM/src/ToHvm.hs", startLineNoSourcePosition = 250, startColNoSourcePosition = -1, endLineNoSourcePosition = -1, endColNoSourcePosition = -1}, breakNoBreakPointData = Nothing, conditionBreakPointData = Nothing, hitConditionBreakPointData = Nothing, hitCountBreakPointData = 0}
2022-04-29 13:47:31 [ThreadId 15] ERROR phoityne - "error: Variable not in scope: args'"
2022-04-29 13:47:31 [ThreadId 15] ERROR phoityne - "error: \8226 Variable not in scope: f' \8226 Perhaps you meant \8216f\8217 (<no location info>)"
2022-04-29 13:47:34 [ThreadId 15] ERROR phoityne - "error: Variable not in scope: args'"
2022-04-29 13:47:34 [ThreadId 15] ERROR phoityne - "error: \8226 Variable not in scope: f' \8226 Perhaps you meant \8216f\8217 (<no location info>)"
2022-04-29 13:47:35 [ThreadId 15] ERROR phoityne - "error: Variable not in scope: args'"
2022-04-29 13:47:54 [ThreadId 15] ERROR phoityne - "error: Variable not in scope: args'"
2022-04-29 13:47:54 [ThreadId 15] ERROR phoityne - "error: \8226 Variable not in scope: f' \8226 Perhaps you meant \8216f\8217 (<no location info>)"
2022-04-29 13:48:05 [ThreadId 15] ERROR phoityne - "error: Variable not in scope: args'"
2022-04-29 13:48:05 [ThreadId 15] ERROR phoityne - "error: \8226 Variable not in scope: f' \8226 Perhaps you meant \8216f\8217 (<no location info>)"
2022-04-29 13:48:06 [ThreadId 15] ERROR phoityne - "error: Variable not in scope: args'"
2022-04-29 13:48:16 [ThreadId 15] ERROR phoityne - "error: Variable not in scope: args'"
2022-04-29 13:48:16 [ThreadId 15] ERROR phoityne - "error: \8226 Variable not in scope: f' \8226 Perhaps you meant \8216f\8217 (<no location info>)"
2022-04-29 13:48:19 [ThreadId 15] ERROR phoityne - "error: Variable not in scope: args'"
2022-04-29 13:48:19 [ThreadId 15] ERROR phoityne - "error: \8226 Variable not in scope: f' \8226 Perhaps you meant \8216f\8217 (<no location info>)"
2022-04-29 13:48:26 [ThreadId 15] ERROR phoityne - "error: Variable not in scope: args'"
2022-04-29 13:48:26 [ThreadId 15] ERROR phoityne - "error: \8226 Variable not in scope: f' \8226 Perhaps you meant \8216f\8217 (<no location info>)"
2022-04-29 13:48:28 [ThreadId 15] ERROR phoityne - "error: Variable not in scope: args'"
2022-04-29 13:48:28 [ThreadId 15] ERROR phoityne - "error: \8226 Variable not in scope: f' \8226 Perhaps you meant \8216f\8217 (<no location info>)"
2022-04-29 13:48:34 [ThreadId 15] ERROR phoityne - "error: Variable not in scope: args'"
2022-04-29 13:48:39 [ThreadId 15] ERROR phoityne - "error: Variable not in scope: args'"
2022-04-29 13:49:00 [ThreadId 15] ERROR phoityne - "error: Variable not in scope: args'"
2022-04-29 13:49:44 [ThreadId 15] ERROR phoityne - "error: Variable not in scope: args'"
2022-04-29 13:50:27 [ThreadId 15] ERROR phoityne - "error: Variable not in scope: args'"
2022-04-29 13:51:09 [ThreadId 15] ERROR phoityne - "error: Variable not in scope: args'"
2022-04-29 13:51:51 [ThreadId 15] ERROR phoityne - "error: Variable not in scope: args'"
2022-04-29 13:52:31 [ThreadId 15] ERROR phoityne - "error: Variable not in scope: args'"
2022-04-29 13:55:29 [ThreadId 15] ERROR phoityne - "error: Variable not in scope: args'"
2022-04-29 13:55:29 [ThreadId 15] ERROR phoityne - "error: Variable not in scope: f'"
2022-04-29 13:55:29 [ThreadId 15] ERROR phoityne - "error: Variable not in scope: l"
2022-04-29 13:55:29 [ThreadId 15] ERROR phoityne - "error: Variable not in scope: l"
2022-04-29 13:55:33 [ThreadId 15] ERROR phoityne - "error: Variable not in scope: args'"
2022-04-29 13:55:33 [ThreadId 15] ERROR phoityne - "error: Variable not in scope: f'"
2022-04-29 13:55:33 [ThreadId 15] ERROR phoityne - "error: Variable not in scope: l"
2022-04-29 13:55:33 [ThreadId 15] ERROR phoityne - "error: Variable not in scope: l"
2022-04-29 13:58:20 [ThreadId 15] ERROR phoityne - "error: Variable not in scope: v"
2022-04-29 13:58:22 [ThreadId 15] ERROR phoityne - "error: Variable not in scope: i"
2022-04-29 15:35:18 [ThreadId 15] ERROR phoityne - "error: \8226 Variable not in scope: bs \8226 Perhaps you meant \8216abs\8217 (imported from Prelude)"
2022-04-29 15:35:21 [ThreadId 15] ERROR phoityne - "error: \8226 Variable not in scope: bs \8226 Perhaps you meant \8216abs\8217 (imported from Prelude)"
2022-04-29 15:35:24 [ThreadId 15] ERROR phoityne - "error: \8226 Variable not in scope: bs \8226 Perhaps you meant \8216abs\8217 (imported from Prelude)"
2022-04-29 15:45:52 [ThreadId 15] ERROR phoityne - "error: Variable not in scope: body"
2022-04-29 15:46:01 [ThreadId 15] ERROR phoityne - "error: Variable not in scope: body"
